# JRE version: Java(TM) SE Runtime Environment (7.0_40-b43) (build 1.7.0_40-b43)
# Java VM: Java HotSpot(TM) 64-Bit Server VM (24.0-b56 mixed mode linux-amd64 compressed oops)
Heap
 PSYoungGen      total 141312K, used 13296K [0x00000000eb600000, 0x00000000f4f00000, 0x0000000100000000)
  eden space 128000K, 0% used [0x00000000eb600000,0x00000000eb600000,0x00000000f3300000)
  from space 13312K, 99% used [0x00000000f3300000,0x00000000f3ffc010,0x00000000f4000000)
  to   space 11264K, 0% used [0x00000000f4000000,0x00000000f4000000,0x00000000f4b00000)
 ParOldGen       total 41984K, used 24978K [0x00000000c2200000, 0x00000000c4b00000, 0x00000000eb600000)
  object space 41984K, 59% used [0x00000000c2200000,0x00000000c3a64990,0x00000000c4b00000)
 PSPermGen       total 28160K, used 28147K [0x00000000bd000000, 0x00000000beb80000, 0x00000000c2200000)
  object space 28160K, 99% used [0x00000000bd000000,0x00000000beb7cce8,0x00000000beb80000)
GC Heap History (10 events):
Event: 3.380 GC heap after
Heap after GC invocations=4 (full 0):
 PSYoungGen      total 35328K, used 2528K [0x00000000eb600000, 0x00000000edb00000, 0x0000000100000000)
  eden space 32768K, 0% used [0x00000000eb600000,0x00000000eb600000,0x00000000ed600000)
  from space 2560K, 98% used [0x00000000ed880000,0x00000000edaf8020,0x00000000edb00000)
  to   space 2560K, 0% used [0x00000000ed600000,0x00000000ed600000,0x00000000ed880000)
 ParOldGen       total 41984K, used 6963K [0x00000000c2200000, 0x00000000c4b00000, 0x00000000eb600000)
  object space 41984K, 16% used [0x00000000c2200000,0x00000000c28ccce8,0x00000000c4b00000)
 PSPermGen       total 21504K, used 13858K [0x00000000bd000000, 0x00000000be500000, 0x00000000c2200000)
  object space 21504K, 64% used [0x00000000bd000000,0x00000000bdd88b08,0x00000000be500000)
}
Event: 4.420 GC heap before
{Heap before GC invocations=5 (full 0):
 PSYoungGen      total 35328K, used 35296K [0x00000000eb600000, 0x00000000edb00000, 0x0000000100000000)
  eden space 32768K, 100% used [0x00000000eb600000,0x00000000ed600000,0x00000000ed600000)
  from space 2560K, 98% used [0x00000000ed880000,0x00000000edaf8020,0x00000000edb00000)
  to   space 2560K, 0% used [0x00000000ed600000,0x00000000ed600000,0x00000000ed880000)
 ParOldGen       total 41984K, used 6963K [0x00000000c2200000, 0x00000000c4b00000, 0x00000000eb600000)
  object space 41984K, 16% used [0x00000000c2200000,0x00000000c28ccce8,0x00000000c4b00000)
 PSPermGen       total 21504K, used 16802K [0x00000000bd000000, 0x00000000be500000, 0x00000000c2200000)
  object space 21504K, 78% used [0x00000000bd000000,0x00000000be0688b8,0x00000000be500000)
Event: 4.439 GC heap after
Heap after GC invocations=5 (full 0):
 PSYoungGen      total 35328K, used 2528K [0x00000000eb600000, 0x00000000f0400000, 0x0000000100000000)
  eden space 32768K, 0% used [0x00000000eb600000,0x00000000eb600000,0x00000000ed600000)
  from space 2560K, 98% used [0x00000000ed600000,0x00000000ed878020,0x00000000ed880000)
  to   space 7168K, 0% used [0x00000000efd00000,0x00000000efd00000,0x00000000f0400000)
 ParOldGen       total 41984K, used 11409K [0x00000000c2200000, 0x00000000c4b00000, 0x00000000eb600000)
  object space 41984K, 27% used [0x00000000c2200000,0x00000000c2d246a0,0x00000000c4b00000)
 PSPermGen       total 21504K, used 16802K [0x00000000bd000000, 0x00000000be500000, 0x00000000c2200000)
  object space 21504K, 78% used [0x00000000bd000000,0x00000000be0688b8,0x00000000be500000)
}
Event: 5.546 GC heap before
{Heap before GC invocations=6 (full 0):
 PSYoungGen      total 35328K, used 35296K [0x00000000eb600000, 0x00000000f0400000, 0x0000000100000000)
  eden space 32768K, 100% used [0x00000000eb600000,0x00000000ed600000,0x00000000ed600000)
  from space 2560K, 98% used [0x00000000ed600000,0x00000000ed878020,0x00000000ed880000)
  to   space 7168K, 0% used [0x00000000efd00000,0x00000000efd00000,0x00000000f0400000)
 ParOldGen       total 41984K, used 11409K [0x00000000c2200000, 0x00000000c4b00000, 0x00000000eb600000)
  object space 41984K, 27% used [0x00000000c2200000,0x00000000c2d246a0,0x00000000c4b00000)
 PSPermGen       total 21504K, used 18387K [0x00000000bd000000, 0x00000000be500000, 0x00000000c2200000)
  object space 21504K, 85% used [0x00000000bd000000,0x00000000be1f4d20,0x00000000be500000)
Event: 5.568 GC heap after
Heap after GC invocations=6 (full 0):
 PSYoungGen      total 72192K, used 6392K [0x00000000eb600000, 0x00000000f0500000, 0x0000000100000000)
  eden space 65024K, 0% used [0x00000000eb600000,0x00000000eb600000,0x00000000ef580000)
  from space 7168K, 89% used [0x00000000efd00000,0x00000000f033e1a0,0x00000000f0400000)
  to   space 7680K, 0% used [0x00000000ef580000,0x00000000ef580000,0x00000000efd00000)
 ParOldGen       total 41984K, used 11409K [0x00000000c2200000, 0x00000000c4b00000, 0x00000000eb600000)
  object space 41984K, 27% used [0x00000000c2200000,0x00000000c2d246a0,0x00000000c4b00000)
 PSPermGen       total 21504K, used 18387K [0x00000000bd000000, 0x00000000be500000, 0x00000000c2200000)
  object space 21504K, 85% used [0x00000000bd000000,0x00000000be1f4d20,0x00000000be500000)
}
Event: 6.863 GC heap before
{Heap before GC invocations=7 (full 0):
 PSYoungGen      total 72192K, used 71416K [0x00000000eb600000, 0x00000000f0500000, 0x0000000100000000)
  eden space 65024K, 100% used [0x00000000eb600000,0x00000000ef580000,0x00000000ef580000)
  from space 7168K, 89% used [0x00000000efd00000,0x00000000f033e1a0,0x00000000f0400000)
  to   space 7680K, 0% used [0x00000000ef580000,0x00000000ef580000,0x00000000efd00000)
 ParOldGen       total 41984K, used 11409K [0x00000000c2200000, 0x00000000c4b00000, 0x00000000eb600000)
  object space 41984K, 27% used [0x00000000c2200000,0x00000000c2d246a0,0x00000000c4b00000)
 PSPermGen       total 23552K, used 23279K [0x00000000bd000000, 0x00000000be700000, 0x00000000c2200000)
  object space 23552K, 98% used [0x00000000bd000000,0x00000000be6bbfd8,0x00000000be700000)
Event: 6.893 GC heap after
Heap after GC invocations=7 (full 0):
 PSYoungGen      total 72704K, used 7664K [0x00000000eb600000, 0x00000000f4b00000, 0x0000000100000000)
  eden space 65024K, 0% used [0x00000000eb600000,0x00000000eb600000,0x00000000ef580000)
  from space 7680K, 99% used [0x00000000ef580000,0x00000000efcfc010,0x00000000efd00000)
  to   space 11264K, 0% used [0x00000000f4000000,0x00000000f4000000,0x00000000f4b00000)
 ParOldGen       total 41984K, used 15867K [0x00000000c2200000, 0x00000000c4b00000, 0x00000000eb600000)
  object space 41984K, 37% used [0x00000000c2200000,0x00000000c317ecb8,0x00000000c4b00000)
 PSPermGen       total 23552K, used 23279K [0x00000000bd000000, 0x00000000be700000, 0x00000000c2200000)
  object space 23552K, 98% used [0x00000000bd000000,0x00000000be6bbfd8,0x00000000be700000)
}
Event: 7.518 GC heap before
{Heap before GC invocations=8 (full 0):
 PSYoungGen      total 72704K, used 72688K [0x00000000eb600000, 0x00000000f4b00000, 0x0000000100000000)
  eden space 65024K, 100% used [0x00000000eb600000,0x00000000ef580000,0x00000000ef580000)
  from space 7680K, 99% used [0x00000000ef580000,0x00000000efcfc010,0x00000000efd00000)
  to   space 11264K, 0% used [0x00000000f4000000,0x00000000f4000000,0x00000000f4b00000)
 ParOldGen       total 41984K, used 15867K [0x00000000c2200000, 0x00000000c4b00000, 0x00000000eb600000)
  object space 41984K, 37% used [0x00000000c2200000,0x00000000c317ecb8,0x00000000c4b00000)
 PSPermGen       total 24576K, used 24245K [0x00000000bd000000, 0x00000000be800000, 0x00000000c2200000)
  object space 24576K, 98% used [0x00000000bd000000,0x00000000be7ad518,0x00000000be800000)
Event: 7.543 GC heap after
Heap after GC invocations=8 (full 0):
 PSYoungGen      total 139264K, used 11243K [0x00000000eb600000, 0x00000000f4f00000, 0x0000000100000000)
  eden space 128000K, 0% used [0x00000000eb600000,0x00000000eb600000,0x00000000f3300000)
  from space 11264K, 99% used [0x00000000f4000000,0x00000000f4afad40,0x00000000f4b00000)
  to   space 13312K, 0% used [0x00000000f3300000,0x00000000f3300000,0x00000000f4000000)
 ParOldGen       total 41984K, used 16767K [0x00000000c2200000, 0x00000000c4b00000, 0x00000000eb600000)
  object space 41984K, 39% used [0x00000000c2200000,0x00000000c325fd10,0x00000000c4b00000)
 PSPermGen       total 24576K, used 24245K [0x00000000bd000000, 0x00000000be800000, 0x00000000c2200000)
  object space 24576K, 98% used [0x00000000bd000000,0x00000000be7ad518,0x00000000be800000)
}
Event: 32.764 GC heap before
{Heap before GC invocations=9 (full 0):
 PSYoungGen      total 139264K, used 139243K [0x00000000eb600000, 0x00000000f4f00000, 0x0000000100000000)
  eden space 128000K, 100% used [0x00000000eb600000,0x00000000f3300000,0x00000000f3300000)
  from space 11264K, 99% used [0x00000000f4000000,0x00000000f4afad40,0x00000000f4b00000)
  to   space 13312K, 0% used [0x00000000f3300000,0x00000000f3300000,0x00000000f4000000)
 ParOldGen       total 41984K, used 16767K [0x00000000c2200000, 0x00000000c4b00000, 0x00000000eb600000)
  object space 41984K, 39% used [0x00000000c2200000,0x00000000c325fd10,0x00000000c4b00000)
 PSPermGen       total 28160K, used 28147K [0x00000000bd000000, 0x00000000beb80000, 0x00000000c2200000)
  object space 28160K, 99% used [0x00000000bd000000,0x00000000beb7cce8,0x00000000beb80000)

